{"E:\\FlowdotPlatform\\mcp-server\\src\\utils\\script-validator.ts": {"path":"E:\\FlowdotPlatform\\mcp-server\\src\\utils\\script-validator.ts","all":false,"statementMap":{"11":{"start":{"line":12,"column":0},"end":{"line":12,"column":31}},"34":{"start":{"line":35,"column":0},"end":{"line":35,"column":41}},"35":{"start":{"line":36,"column":0},"end":{"line":36,"column":21}},"36":{"start":{"line":37,"column":0},"end":{"line":37,"column":23}},"37":{"start":{"line":38,"column":0},"end":{"line":38,"column":21}},"38":{"start":{"line":39,"column":0},"end":{"line":39,"column":20}},"39":{"start":{"line":40,"column":0},"end":{"line":40,"column":39}},"42":{"start":{"line":43,"column":0},"end":{"line":43,"column":39}},"43":{"start":{"line":44,"column":0},"end":{"line":44,"column":7}},"44":{"start":{"line":45,"column":0},"end":{"line":45,"column":35}},"45":{"start":{"line":46,"column":0},"end":{"line":46,"column":24}},"46":{"start":{"line":47,"column":0},"end":{"line":47,"column":27}},"47":{"start":{"line":48,"column":0},"end":{"line":48,"column":22}},"48":{"start":{"line":49,"column":0},"end":{"line":49,"column":77}},"49":{"start":{"line":50,"column":0},"end":{"line":50,"column":7}},"50":{"start":{"line":51,"column":0},"end":{"line":51,"column":24}},"51":{"start":{"line":52,"column":0},"end":{"line":52,"column":86}},"52":{"start":{"line":53,"column":0},"end":{"line":53,"column":19}},"53":{"start":{"line":54,"column":0},"end":{"line":54,"column":21}},"54":{"start":{"line":55,"column":0},"end":{"line":55,"column":24}},"57":{"start":{"line":58,"column":0},"end":{"line":58,"column":28}},"58":{"start":{"line":59,"column":0},"end":{"line":59,"column":32}},"59":{"start":{"line":60,"column":0},"end":{"line":60,"column":7}},"60":{"start":{"line":61,"column":0},"end":{"line":61,"column":56}},"61":{"start":{"line":62,"column":0},"end":{"line":62,"column":3}},"64":{"start":{"line":65,"column":0},"end":{"line":65,"column":29}},"65":{"start":{"line":66,"column":0},"end":{"line":66,"column":63}},"67":{"start":{"line":68,"column":0},"end":{"line":68,"column":32}},"68":{"start":{"line":69,"column":0},"end":{"line":69,"column":46}},"69":{"start":{"line":70,"column":0},"end":{"line":70,"column":57}},"70":{"start":{"line":71,"column":0},"end":{"line":71,"column":48}},"71":{"start":{"line":72,"column":0},"end":{"line":72,"column":30}},"72":{"start":{"line":73,"column":0},"end":{"line":73,"column":35}},"73":{"start":{"line":74,"column":0},"end":{"line":74,"column":14}},"74":{"start":{"line":75,"column":0},"end":{"line":75,"column":7}},"75":{"start":{"line":76,"column":0},"end":{"line":76,"column":5}},"76":{"start":{"line":77,"column":0},"end":{"line":77,"column":3}},"78":{"start":{"line":79,"column":0},"end":{"line":79,"column":24}},"79":{"start":{"line":80,"column":0},"end":{"line":80,"column":19}},"80":{"start":{"line":81,"column":0},"end":{"line":81,"column":31}},"81":{"start":{"line":82,"column":0},"end":{"line":82,"column":24}},"82":{"start":{"line":83,"column":0},"end":{"line":83,"column":14}},"83":{"start":{"line":84,"column":0},"end":{"line":84,"column":124}},"84":{"start":{"line":85,"column":0},"end":{"line":85,"column":14}},"85":{"start":{"line":86,"column":0},"end":{"line":86,"column":7}},"86":{"start":{"line":87,"column":0},"end":{"line":87,"column":3}},"89":{"start":{"line":90,"column":0},"end":{"line":90,"column":24}},"90":{"start":{"line":91,"column":0},"end":{"line":91,"column":42}},"91":{"start":{"line":92,"column":0},"end":{"line":92,"column":30}},"92":{"start":{"line":93,"column":0},"end":{"line":93,"column":21}},"93":{"start":{"line":94,"column":0},"end":{"line":94,"column":30}},"94":{"start":{"line":95,"column":0},"end":{"line":95,"column":28}},"95":{"start":{"line":96,"column":0},"end":{"line":96,"column":16}},"96":{"start":{"line":97,"column":0},"end":{"line":97,"column":94}},"97":{"start":{"line":98,"column":0},"end":{"line":98,"column":43}},"98":{"start":{"line":99,"column":0},"end":{"line":99,"column":9}},"99":{"start":{"line":100,"column":0},"end":{"line":100,"column":37}},"100":{"start":{"line":101,"column":0},"end":{"line":101,"column":21}},"101":{"start":{"line":102,"column":0},"end":{"line":102,"column":30}},"102":{"start":{"line":103,"column":0},"end":{"line":103,"column":25}},"103":{"start":{"line":104,"column":0},"end":{"line":104,"column":16}},"104":{"start":{"line":105,"column":0},"end":{"line":105,"column":114}},"105":{"start":{"line":106,"column":0},"end":{"line":106,"column":43}},"106":{"start":{"line":107,"column":0},"end":{"line":107,"column":9}},"107":{"start":{"line":108,"column":0},"end":{"line":108,"column":5}},"108":{"start":{"line":109,"column":0},"end":{"line":109,"column":3}},"111":{"start":{"line":112,"column":0},"end":{"line":112,"column":32}},"112":{"start":{"line":113,"column":0},"end":{"line":113,"column":42}},"113":{"start":{"line":114,"column":0},"end":{"line":114,"column":21}},"114":{"start":{"line":115,"column":0},"end":{"line":115,"column":23}},"115":{"start":{"line":116,"column":0},"end":{"line":116,"column":26}},"116":{"start":{"line":117,"column":0},"end":{"line":117,"column":99}},"117":{"start":{"line":118,"column":0},"end":{"line":118,"column":32}},"118":{"start":{"line":119,"column":0},"end":{"line":119,"column":9}},"119":{"start":{"line":120,"column":0},"end":{"line":120,"column":5}},"120":{"start":{"line":121,"column":0},"end":{"line":121,"column":3}},"123":{"start":{"line":124,"column":0},"end":{"line":124,"column":46}},"124":{"start":{"line":125,"column":0},"end":{"line":125,"column":59}},"127":{"start":{"line":128,"column":0},"end":{"line":128,"column":35}},"128":{"start":{"line":129,"column":0},"end":{"line":129,"column":43}},"129":{"start":{"line":130,"column":0},"end":{"line":130,"column":23}},"130":{"start":{"line":131,"column":0},"end":{"line":131,"column":34}},"131":{"start":{"line":132,"column":0},"end":{"line":132,"column":30}},"132":{"start":{"line":133,"column":0},"end":{"line":133,"column":95}},"133":{"start":{"line":134,"column":0},"end":{"line":134,"column":11}},"134":{"start":{"line":135,"column":0},"end":{"line":135,"column":7}},"135":{"start":{"line":136,"column":0},"end":{"line":136,"column":5}},"138":{"start":{"line":139,"column":0},"end":{"line":139,"column":60}},"139":{"start":{"line":140,"column":0},"end":{"line":140,"column":37}},"140":{"start":{"line":141,"column":0},"end":{"line":141,"column":34}},"141":{"start":{"line":142,"column":0},"end":{"line":142,"column":23}},"142":{"start":{"line":143,"column":0},"end":{"line":143,"column":34}},"143":{"start":{"line":144,"column":0},"end":{"line":144,"column":27}},"144":{"start":{"line":145,"column":0},"end":{"line":145,"column":92}},"145":{"start":{"line":146,"column":0},"end":{"line":146,"column":11}},"146":{"start":{"line":147,"column":0},"end":{"line":147,"column":7}},"147":{"start":{"line":148,"column":0},"end":{"line":148,"column":5}},"148":{"start":{"line":149,"column":0},"end":{"line":149,"column":3}},"151":{"start":{"line":152,"column":0},"end":{"line":152,"column":69}},"152":{"start":{"line":153,"column":0},"end":{"line":153,"column":68}},"153":{"start":{"line":154,"column":0},"end":{"line":154,"column":75}},"154":{"start":{"line":155,"column":0},"end":{"line":155,"column":80}},"155":{"start":{"line":156,"column":0},"end":{"line":156,"column":75}},"156":{"start":{"line":157,"column":0},"end":{"line":157,"column":71}},"157":{"start":{"line":158,"column":0},"end":{"line":158,"column":70}},"158":{"start":{"line":159,"column":0},"end":{"line":159,"column":71}},"159":{"start":{"line":160,"column":0},"end":{"line":160,"column":76}},"160":{"start":{"line":161,"column":0},"end":{"line":161,"column":5}},"161":{"start":{"line":162,"column":0},"end":{"line":162,"column":44}},"162":{"start":{"line":163,"column":0},"end":{"line":163,"column":60}},"163":{"start":{"line":164,"column":0},"end":{"line":164,"column":6}},"164":{"start":{"line":165,"column":0},"end":{"line":165,"column":68}},"165":{"start":{"line":166,"column":0},"end":{"line":166,"column":81}},"166":{"start":{"line":167,"column":0},"end":{"line":167,"column":63}},"167":{"start":{"line":168,"column":0},"end":{"line":168,"column":65}},"168":{"start":{"line":169,"column":0},"end":{"line":169,"column":87}},"169":{"start":{"line":170,"column":0},"end":{"line":170,"column":89}},"170":{"start":{"line":171,"column":0},"end":{"line":171,"column":4}},"172":{"start":{"line":173,"column":0},"end":{"line":173,"column":39}},"173":{"start":{"line":174,"column":0},"end":{"line":174,"column":42}},"174":{"start":{"line":175,"column":0},"end":{"line":175,"column":54}},"175":{"start":{"line":176,"column":0},"end":{"line":176,"column":35}},"176":{"start":{"line":177,"column":0},"end":{"line":177,"column":23}},"177":{"start":{"line":178,"column":0},"end":{"line":178,"column":27}},"178":{"start":{"line":179,"column":0},"end":{"line":179,"column":28}},"179":{"start":{"line":180,"column":0},"end":{"line":180,"column":23}},"180":{"start":{"line":181,"column":0},"end":{"line":181,"column":22}},"181":{"start":{"line":182,"column":0},"end":{"line":182,"column":11}},"182":{"start":{"line":183,"column":0},"end":{"line":183,"column":7}},"183":{"start":{"line":184,"column":0},"end":{"line":184,"column":5}},"184":{"start":{"line":185,"column":0},"end":{"line":185,"column":3}},"187":{"start":{"line":188,"column":0},"end":{"line":188,"column":79}},"188":{"start":{"line":189,"column":0},"end":{"line":189,"column":60}},"189":{"start":{"line":190,"column":0},"end":{"line":190,"column":19}},"190":{"start":{"line":191,"column":0},"end":{"line":191,"column":28}},"191":{"start":{"line":192,"column":0},"end":{"line":192,"column":26}},"192":{"start":{"line":193,"column":0},"end":{"line":193,"column":99}},"193":{"start":{"line":194,"column":0},"end":{"line":194,"column":20}},"194":{"start":{"line":195,"column":0},"end":{"line":195,"column":7}},"195":{"start":{"line":196,"column":0},"end":{"line":196,"column":3}},"198":{"start":{"line":199,"column":0},"end":{"line":199,"column":73}},"199":{"start":{"line":200,"column":0},"end":{"line":200,"column":65}},"201":{"start":{"line":202,"column":0},"end":{"line":202,"column":60}},"202":{"start":{"line":203,"column":0},"end":{"line":203,"column":65}},"203":{"start":{"line":204,"column":0},"end":{"line":204,"column":21}},"204":{"start":{"line":205,"column":0},"end":{"line":205,"column":30}},"205":{"start":{"line":206,"column":0},"end":{"line":206,"column":25}},"206":{"start":{"line":207,"column":0},"end":{"line":207,"column":16}},"207":{"start":{"line":208,"column":0},"end":{"line":208,"column":115}},"208":{"start":{"line":209,"column":0},"end":{"line":209,"column":22}},"209":{"start":{"line":210,"column":0},"end":{"line":210,"column":9}},"210":{"start":{"line":211,"column":0},"end":{"line":211,"column":5}},"211":{"start":{"line":212,"column":0},"end":{"line":212,"column":3}},"214":{"start":{"line":215,"column":0},"end":{"line":215,"column":52}},"215":{"start":{"line":216,"column":0},"end":{"line":216,"column":19}},"216":{"start":{"line":217,"column":0},"end":{"line":217,"column":28}},"217":{"start":{"line":218,"column":0},"end":{"line":218,"column":23}},"218":{"start":{"line":219,"column":0},"end":{"line":219,"column":75}},"219":{"start":{"line":220,"column":0},"end":{"line":220,"column":7}},"220":{"start":{"line":221,"column":0},"end":{"line":221,"column":3}},"222":{"start":{"line":223,"column":0},"end":{"line":223,"column":18}},"223":{"start":{"line":224,"column":0},"end":{"line":224,"column":1}},"228":{"start":{"line":229,"column":0},"end":{"line":229,"column":67}},"229":{"start":{"line":230,"column":0},"end":{"line":230,"column":30}},"230":{"start":{"line":231,"column":0},"end":{"line":231,"column":14}},"231":{"start":{"line":232,"column":0},"end":{"line":232,"column":3}},"233":{"start":{"line":234,"column":0},"end":{"line":234,"column":69}},"236":{"start":{"line":237,"column":0},"end":{"line":237,"column":64}},"237":{"start":{"line":238,"column":0},"end":{"line":238,"column":65}},"238":{"start":{"line":239,"column":0},"end":{"line":239,"column":62}},"240":{"start":{"line":241,"column":0},"end":{"line":241,"column":26}},"241":{"start":{"line":242,"column":0},"end":{"line":242,"column":55}},"242":{"start":{"line":243,"column":0},"end":{"line":243,"column":29}},"243":{"start":{"line":244,"column":0},"end":{"line":244,"column":85}},"244":{"start":{"line":245,"column":0},"end":{"line":245,"column":41}},"245":{"start":{"line":246,"column":0},"end":{"line":246,"column":5}},"246":{"start":{"line":247,"column":0},"end":{"line":247,"column":19}},"247":{"start":{"line":248,"column":0},"end":{"line":248,"column":3}},"249":{"start":{"line":250,"column":0},"end":{"line":250,"column":25}},"250":{"start":{"line":251,"column":0},"end":{"line":251,"column":32}},"251":{"start":{"line":252,"column":0},"end":{"line":252,"column":28}},"252":{"start":{"line":253,"column":0},"end":{"line":253,"column":52}},"253":{"start":{"line":254,"column":0},"end":{"line":254,"column":41}},"254":{"start":{"line":255,"column":0},"end":{"line":255,"column":5}},"255":{"start":{"line":256,"column":0},"end":{"line":256,"column":19}},"256":{"start":{"line":257,"column":0},"end":{"line":257,"column":3}},"258":{"start":{"line":259,"column":0},"end":{"line":259,"column":25}},"259":{"start":{"line":260,"column":0},"end":{"line":260,"column":29}},"260":{"start":{"line":261,"column":0},"end":{"line":261,"column":28}},"261":{"start":{"line":262,"column":0},"end":{"line":262,"column":52}},"262":{"start":{"line":263,"column":0},"end":{"line":263,"column":41}},"263":{"start":{"line":264,"column":0},"end":{"line":264,"column":5}},"264":{"start":{"line":265,"column":0},"end":{"line":265,"column":19}},"265":{"start":{"line":266,"column":0},"end":{"line":266,"column":3}},"267":{"start":{"line":268,"column":0},"end":{"line":268,"column":26}},"268":{"start":{"line":269,"column":0},"end":{"line":269,"column":1}},"271":{"start":{"line":272,"column":0},"end":{"line":272,"column":60}},"272":{"start":{"line":273,"column":0},"end":{"line":273,"column":89}},"273":{"start":{"line":274,"column":0},"end":{"line":274,"column":1}},"276":{"start":{"line":277,"column":0},"end":{"line":277,"column":77}},"277":{"start":{"line":278,"column":0},"end":{"line":278,"column":33}},"278":{"start":{"line":279,"column":0},"end":{"line":279,"column":49}},"279":{"start":{"line":280,"column":0},"end":{"line":280,"column":42}},"280":{"start":{"line":281,"column":0},"end":{"line":281,"column":55}},"281":{"start":{"line":282,"column":0},"end":{"line":282,"column":61}},"282":{"start":{"line":283,"column":0},"end":{"line":283,"column":70}},"283":{"start":{"line":284,"column":0},"end":{"line":284,"column":48}},"284":{"start":{"line":285,"column":0},"end":{"line":285,"column":41}},"285":{"start":{"line":286,"column":0},"end":{"line":286,"column":52}},"286":{"start":{"line":287,"column":0},"end":{"line":287,"column":53}},"287":{"start":{"line":288,"column":0},"end":{"line":288,"column":64}},"288":{"start":{"line":289,"column":0},"end":{"line":289,"column":57}},"289":{"start":{"line":290,"column":0},"end":{"line":290,"column":66}},"290":{"start":{"line":291,"column":0},"end":{"line":291,"column":46}},"291":{"start":{"line":292,"column":0},"end":{"line":292,"column":32}},"292":{"start":{"line":293,"column":0},"end":{"line":293,"column":15}},"293":{"start":{"line":294,"column":0},"end":{"line":294,"column":13}},"294":{"start":{"line":295,"column":0},"end":{"line":295,"column":11}},"295":{"start":{"line":296,"column":0},"end":{"line":296,"column":9}},"296":{"start":{"line":297,"column":0},"end":{"line":297,"column":7}},"297":{"start":{"line":298,"column":0},"end":{"line":298,"column":5}},"298":{"start":{"line":299,"column":0},"end":{"line":299,"column":5}},"299":{"start":{"line":300,"column":0},"end":{"line":300,"column":14}},"300":{"start":{"line":301,"column":0},"end":{"line":301,"column":1}},"303":{"start":{"line":304,"column":0},"end":{"line":304,"column":97}},"306":{"start":{"line":307,"column":0},"end":{"line":307,"column":17}},"309":{"start":{"line":310,"column":0},"end":{"line":310,"column":61}},"310":{"start":{"line":311,"column":0},"end":{"line":311,"column":43}},"311":{"start":{"line":312,"column":0},"end":{"line":312,"column":31}},"312":{"start":{"line":313,"column":0},"end":{"line":313,"column":31}},"313":{"start":{"line":314,"column":0},"end":{"line":314,"column":30}},"314":{"start":{"line":315,"column":0},"end":{"line":315,"column":56}},"315":{"start":{"line":316,"column":0},"end":{"line":316,"column":46}},"316":{"start":{"line":317,"column":0},"end":{"line":317,"column":9}},"317":{"start":{"line":318,"column":0},"end":{"line":318,"column":7}},"318":{"start":{"line":319,"column":0},"end":{"line":319,"column":71}},"319":{"start":{"line":320,"column":0},"end":{"line":320,"column":46}},"320":{"start":{"line":321,"column":0},"end":{"line":321,"column":5}},"321":{"start":{"line":322,"column":0},"end":{"line":322,"column":3}},"322":{"start":{"line":323,"column":0},"end":{"line":323,"column":1}}},"s":{"11":1,"34":1,"35":39,"36":39,"37":39,"38":39,"39":39,"42":39,"43":39,"44":39,"45":39,"46":39,"47":39,"48":39,"49":39,"50":39,"51":2,"52":2,"53":2,"54":2,"57":2,"58":2,"59":2,"60":2,"61":2,"64":37,"65":37,"67":39,"68":36,"69":35,"70":35,"71":34,"72":34,"73":34,"74":34,"75":35,"76":36,"78":39,"79":3,"80":3,"81":3,"82":3,"83":3,"84":3,"85":3,"86":3,"89":39,"90":34,"91":34,"92":2,"93":2,"94":2,"95":2,"96":2,"97":2,"98":2,"99":34,"100":28,"101":28,"102":28,"103":28,"104":28,"105":28,"106":28,"107":28,"108":34,"111":37,"112":37,"113":1,"114":1,"115":1,"116":1,"117":1,"118":1,"119":1,"120":37,"123":39,"124":9,"127":9,"128":11,"129":1,"130":1,"131":1,"132":1,"133":1,"134":1,"135":11,"138":9,"139":9,"140":12,"141":2,"142":2,"143":2,"144":2,"145":2,"146":2,"147":12,"148":9,"151":37,"152":37,"153":37,"154":37,"155":37,"156":37,"157":37,"158":37,"159":37,"160":37,"161":37,"162":37,"163":37,"164":37,"165":37,"166":37,"167":37,"168":37,"169":37,"170":37,"172":37,"173":39,"174":58,"175":870,"176":17,"177":17,"178":17,"179":17,"180":17,"181":17,"182":17,"183":870,"184":58,"187":39,"188":2,"189":2,"190":2,"191":2,"192":2,"193":2,"194":2,"195":2,"198":37,"199":39,"201":2,"202":2,"203":2,"204":2,"205":2,"206":2,"207":2,"208":2,"209":2,"210":2,"211":2,"214":39,"215":1,"216":1,"217":1,"218":1,"219":1,"220":1,"222":37,"223":37,"228":1,"229":7,"230":1,"231":1,"233":6,"236":6,"237":6,"238":6,"240":7,"241":3,"242":3,"243":3,"244":3,"245":3,"246":3,"247":3,"249":7,"250":2,"251":2,"252":2,"253":2,"254":2,"255":2,"256":2,"258":7,"259":3,"260":3,"261":3,"262":3,"263":3,"264":3,"265":3,"267":6,"268":6,"271":31,"272":31,"273":31,"276":9,"277":9,"278":9,"279":100,"280":9,"281":9,"282":9,"283":9,"284":12,"285":12,"286":12,"287":11,"288":12,"289":1,"290":1,"291":1,"292":1,"293":1,"294":12,"295":12,"296":9,"297":9,"298":9,"299":9,"300":9,"303":100,"306":100,"309":100,"310":100,"311":607,"312":607,"313":27,"314":35,"315":35,"316":35,"317":35,"318":607,"319":56,"320":56,"321":607,"322":100},"branchMap":{"0":{"type":"branch","line":35,"loc":{"start":{"line":35,"column":7},"end":{"line":224,"column":1}},"locations":[{"start":{"line":35,"column":7},"end":{"line":224,"column":1}}]},"1":{"type":"branch","line":51,"loc":{"start":{"line":51,"column":2},"end":{"line":62,"column":3}},"locations":[{"start":{"line":51,"column":2},"end":{"line":62,"column":3}}]},"2":{"type":"branch","line":57,"loc":{"start":{"line":57,"column":38},"end":{"line":57,"column":71}},"locations":[{"start":{"line":57,"column":38},"end":{"line":57,"column":71}}]},"3":{"type":"branch","line":62,"loc":{"start":{"line":62,"column":2},"end":{"line":68,"column":31}},"locations":[{"start":{"line":62,"column":2},"end":{"line":68,"column":31}}]},"4":{"type":"branch","line":68,"loc":{"start":{"line":68,"column":31},"end":{"line":77,"column":3}},"locations":[{"start":{"line":68,"column":31},"end":{"line":77,"column":3}}]},"5":{"type":"branch","line":69,"loc":{"start":{"line":69,"column":45},"end":{"line":76,"column":5}},"locations":[{"start":{"line":69,"column":45},"end":{"line":76,"column":5}}]},"6":{"type":"branch","line":71,"loc":{"start":{"line":71,"column":47},"end":{"line":75,"column":7}},"locations":[{"start":{"line":71,"column":47},"end":{"line":75,"column":7}}]},"7":{"type":"branch","line":77,"loc":{"start":{"line":77,"column":2},"end":{"line":79,"column":23}},"locations":[{"start":{"line":77,"column":2},"end":{"line":79,"column":23}}]},"8":{"type":"branch","line":79,"loc":{"start":{"line":79,"column":23},"end":{"line":87,"column":3}},"locations":[{"start":{"line":79,"column":23},"end":{"line":87,"column":3}}]},"9":{"type":"branch","line":87,"loc":{"start":{"line":87,"column":2},"end":{"line":90,"column":23}},"locations":[{"start":{"line":87,"column":2},"end":{"line":90,"column":23}}]},"10":{"type":"branch","line":90,"loc":{"start":{"line":90,"column":23},"end":{"line":109,"column":3}},"locations":[{"start":{"line":90,"column":23},"end":{"line":109,"column":3}}]},"11":{"type":"branch","line":92,"loc":{"start":{"line":92,"column":29},"end":{"line":100,"column":15}},"locations":[{"start":{"line":92,"column":29},"end":{"line":100,"column":15}}]},"12":{"type":"branch","line":100,"loc":{"start":{"line":100,"column":4},"end":{"line":108,"column":5}},"locations":[{"start":{"line":100,"column":4},"end":{"line":108,"column":5}}]},"13":{"type":"branch","line":100,"loc":{"start":{"line":100,"column":36},"end":{"line":108,"column":5}},"locations":[{"start":{"line":100,"column":36},"end":{"line":108,"column":5}}]},"14":{"type":"branch","line":109,"loc":{"start":{"line":109,"column":2},"end":{"line":124,"column":25}},"locations":[{"start":{"line":109,"column":2},"end":{"line":124,"column":25}}]},"15":{"type":"branch","line":113,"loc":{"start":{"line":113,"column":41},"end":{"line":120,"column":5}},"locations":[{"start":{"line":113,"column":41},"end":{"line":120,"column":5}}]},"16":{"type":"branch","line":124,"loc":{"start":{"line":124,"column":6},"end":{"line":124,"column":45}},"locations":[{"start":{"line":124,"column":6},"end":{"line":124,"column":45}}]},"17":{"type":"branch","line":124,"loc":{"start":{"line":124,"column":45},"end":{"line":149,"column":3}},"locations":[{"start":{"line":124,"column":45},"end":{"line":149,"column":3}}]},"18":{"type":"branch","line":128,"loc":{"start":{"line":128,"column":34},"end":{"line":136,"column":5}},"locations":[{"start":{"line":128,"column":34},"end":{"line":136,"column":5}}]},"19":{"type":"branch","line":129,"loc":{"start":{"line":129,"column":42},"end":{"line":135,"column":7}},"locations":[{"start":{"line":129,"column":42},"end":{"line":135,"column":7}}]},"20":{"type":"branch","line":140,"loc":{"start":{"line":140,"column":36},"end":{"line":148,"column":5}},"locations":[{"start":{"line":140,"column":36},"end":{"line":148,"column":5}}]},"21":{"type":"branch","line":141,"loc":{"start":{"line":141,"column":33},"end":{"line":147,"column":7}},"locations":[{"start":{"line":141,"column":33},"end":{"line":147,"column":7}}]},"22":{"type":"branch","line":149,"loc":{"start":{"line":149,"column":2},"end":{"line":174,"column":41}},"locations":[{"start":{"line":149,"column":2},"end":{"line":174,"column":41}}]},"23":{"type":"branch","line":174,"loc":{"start":{"line":174,"column":41},"end":{"line":185,"column":3}},"locations":[{"start":{"line":174,"column":41},"end":{"line":185,"column":3}}]},"24":{"type":"branch","line":175,"loc":{"start":{"line":175,"column":53},"end":{"line":184,"column":5}},"locations":[{"start":{"line":175,"column":53},"end":{"line":184,"column":5}}]},"25":{"type":"branch","line":176,"loc":{"start":{"line":176,"column":34},"end":{"line":183,"column":7}},"locations":[{"start":{"line":176,"column":34},"end":{"line":183,"column":7}}]},"26":{"type":"branch","line":185,"loc":{"start":{"line":185,"column":2},"end":{"line":188,"column":46}},"locations":[{"start":{"line":185,"column":2},"end":{"line":188,"column":46}}]},"27":{"type":"branch","line":188,"loc":{"start":{"line":188,"column":41},"end":{"line":188,"column":78}},"locations":[{"start":{"line":188,"column":41},"end":{"line":188,"column":78}}]},"28":{"type":"branch","line":188,"loc":{"start":{"line":188,"column":78},"end":{"line":196,"column":3}},"locations":[{"start":{"line":188,"column":78},"end":{"line":196,"column":3}}]},"29":{"type":"branch","line":196,"loc":{"start":{"line":196,"column":2},"end":{"line":200,"column":21}},"locations":[{"start":{"line":196,"column":2},"end":{"line":200,"column":21}}]},"30":{"type":"branch","line":200,"loc":{"start":{"line":200,"column":6},"end":{"line":200,"column":64}},"locations":[{"start":{"line":200,"column":6},"end":{"line":200,"column":64}}]},"31":{"type":"branch","line":200,"loc":{"start":{"line":200,"column":64},"end":{"line":212,"column":3}},"locations":[{"start":{"line":200,"column":64},"end":{"line":212,"column":3}}]},"32":{"type":"branch","line":212,"loc":{"start":{"line":212,"column":2},"end":{"line":215,"column":51}},"locations":[{"start":{"line":212,"column":2},"end":{"line":215,"column":51}}]},"33":{"type":"branch","line":215,"loc":{"start":{"line":215,"column":51},"end":{"line":221,"column":3}},"locations":[{"start":{"line":215,"column":51},"end":{"line":221,"column":3}}]},"34":{"type":"branch","line":221,"loc":{"start":{"line":221,"column":2},"end":{"line":224,"column":1}},"locations":[{"start":{"line":221,"column":2},"end":{"line":224,"column":1}}]},"35":{"type":"branch","line":139,"loc":{"start":{"line":139,"column":44},"end":{"line":139,"column":57}},"locations":[{"start":{"line":139,"column":44},"end":{"line":139,"column":57}}]},"36":{"type":"branch","line":200,"loc":{"start":{"line":200,"column":35},"end":{"line":200,"column":61}},"locations":[{"start":{"line":200,"column":35},"end":{"line":200,"column":61}}]},"37":{"type":"branch","line":229,"loc":{"start":{"line":229,"column":7},"end":{"line":269,"column":1}},"locations":[{"start":{"line":229,"column":7},"end":{"line":269,"column":1}}]},"38":{"type":"branch","line":230,"loc":{"start":{"line":230,"column":29},"end":{"line":232,"column":3}},"locations":[{"start":{"line":230,"column":29},"end":{"line":232,"column":3}}]},"39":{"type":"branch","line":232,"loc":{"start":{"line":232,"column":2},"end":{"line":241,"column":25}},"locations":[{"start":{"line":232,"column":2},"end":{"line":241,"column":25}}]},"40":{"type":"branch","line":241,"loc":{"start":{"line":241,"column":25},"end":{"line":248,"column":3}},"locations":[{"start":{"line":241,"column":25},"end":{"line":248,"column":3}}]},"41":{"type":"branch","line":244,"loc":{"start":{"line":244,"column":20},"end":{"line":244,"column":82}},"locations":[{"start":{"line":244,"column":20},"end":{"line":244,"column":82}}]},"42":{"type":"branch","line":244,"loc":{"start":{"line":244,"column":48},"end":{"line":244,"column":74}},"locations":[{"start":{"line":244,"column":48},"end":{"line":244,"column":74}}]},"43":{"type":"branch","line":244,"loc":{"start":{"line":244,"column":69},"end":{"line":244,"column":76}},"locations":[{"start":{"line":244,"column":69},"end":{"line":244,"column":76}}]},"44":{"type":"branch","line":244,"loc":{"start":{"line":244,"column":76},"end":{"line":244,"column":85}},"locations":[{"start":{"line":244,"column":76},"end":{"line":244,"column":85}}]},"45":{"type":"branch","line":248,"loc":{"start":{"line":248,"column":2},"end":{"line":250,"column":24}},"locations":[{"start":{"line":248,"column":2},"end":{"line":250,"column":24}}]},"46":{"type":"branch","line":250,"loc":{"start":{"line":250,"column":24},"end":{"line":257,"column":3}},"locations":[{"start":{"line":250,"column":24},"end":{"line":257,"column":3}}]},"47":{"type":"branch","line":253,"loc":{"start":{"line":253,"column":20},"end":{"line":253,"column":49}},"locations":[{"start":{"line":253,"column":20},"end":{"line":253,"column":49}}]},"48":{"type":"branch","line":253,"loc":{"start":{"line":253,"column":43},"end":{"line":253,"column":52}},"locations":[{"start":{"line":253,"column":43},"end":{"line":253,"column":52}}]},"49":{"type":"branch","line":257,"loc":{"start":{"line":257,"column":2},"end":{"line":259,"column":24}},"locations":[{"start":{"line":257,"column":2},"end":{"line":259,"column":24}}]},"50":{"type":"branch","line":259,"loc":{"start":{"line":259,"column":24},"end":{"line":266,"column":3}},"locations":[{"start":{"line":259,"column":24},"end":{"line":266,"column":3}}]},"51":{"type":"branch","line":262,"loc":{"start":{"line":262,"column":20},"end":{"line":262,"column":49}},"locations":[{"start":{"line":262,"column":20},"end":{"line":262,"column":49}}]},"52":{"type":"branch","line":262,"loc":{"start":{"line":262,"column":43},"end":{"line":262,"column":52}},"locations":[{"start":{"line":262,"column":43},"end":{"line":262,"column":52}}]},"53":{"type":"branch","line":266,"loc":{"start":{"line":266,"column":2},"end":{"line":269,"column":1}},"locations":[{"start":{"line":266,"column":2},"end":{"line":269,"column":1}}]},"54":{"type":"branch","line":237,"loc":{"start":{"line":237,"column":33},"end":{"line":237,"column":62}},"locations":[{"start":{"line":237,"column":33},"end":{"line":237,"column":62}}]},"55":{"type":"branch","line":238,"loc":{"start":{"line":238,"column":32},"end":{"line":238,"column":63}},"locations":[{"start":{"line":238,"column":32},"end":{"line":238,"column":63}}]},"56":{"type":"branch","line":239,"loc":{"start":{"line":239,"column":32},"end":{"line":239,"column":60}},"locations":[{"start":{"line":239,"column":32},"end":{"line":239,"column":60}}]},"57":{"type":"branch","line":272,"loc":{"start":{"line":272,"column":0},"end":{"line":274,"column":1}},"locations":[{"start":{"line":272,"column":0},"end":{"line":274,"column":1}}]},"58":{"type":"branch","line":277,"loc":{"start":{"line":277,"column":0},"end":{"line":301,"column":1}},"locations":[{"start":{"line":277,"column":0},"end":{"line":301,"column":1}}]},"59":{"type":"branch","line":279,"loc":{"start":{"line":279,"column":26},"end":{"line":299,"column":3}},"locations":[{"start":{"line":279,"column":26},"end":{"line":299,"column":3}}]},"60":{"type":"branch","line":280,"loc":{"start":{"line":280,"column":41},"end":{"line":298,"column":5}},"locations":[{"start":{"line":280,"column":41},"end":{"line":298,"column":5}}]},"61":{"type":"branch","line":284,"loc":{"start":{"line":284,"column":47},"end":{"line":296,"column":9}},"locations":[{"start":{"line":284,"column":47},"end":{"line":296,"column":9}}]},"62":{"type":"branch","line":287,"loc":{"start":{"line":287,"column":52},"end":{"line":289,"column":23}},"locations":[{"start":{"line":287,"column":52},"end":{"line":289,"column":23}}]},"63":{"type":"branch","line":289,"loc":{"start":{"line":289,"column":12},"end":{"line":294,"column":13}},"locations":[{"start":{"line":289,"column":12},"end":{"line":294,"column":13}}]},"64":{"type":"branch","line":304,"loc":{"start":{"line":304,"column":0},"end":{"line":323,"column":1}},"locations":[{"start":{"line":304,"column":0},"end":{"line":323,"column":1}}]},"65":{"type":"branch","line":306,"loc":{"start":{"line":306,"column":41},"end":{"line":306,"column":48}},"locations":[{"start":{"line":306,"column":41},"end":{"line":306,"column":48}}]},"66":{"type":"branch","line":311,"loc":{"start":{"line":311,"column":42},"end":{"line":322,"column":3}},"locations":[{"start":{"line":311,"column":42},"end":{"line":322,"column":3}}]},"67":{"type":"branch","line":313,"loc":{"start":{"line":313,"column":30},"end":{"line":319,"column":15}},"locations":[{"start":{"line":313,"column":30},"end":{"line":319,"column":15}}]},"68":{"type":"branch","line":314,"loc":{"start":{"line":314,"column":29},"end":{"line":318,"column":7}},"locations":[{"start":{"line":314,"column":29},"end":{"line":318,"column":7}}]},"69":{"type":"branch","line":319,"loc":{"start":{"line":319,"column":4},"end":{"line":321,"column":5}},"locations":[{"start":{"line":319,"column":4},"end":{"line":321,"column":5}}]},"70":{"type":"branch","line":319,"loc":{"start":{"line":319,"column":15},"end":{"line":319,"column":53}},"locations":[{"start":{"line":319,"column":15},"end":{"line":319,"column":53}}]},"71":{"type":"branch","line":319,"loc":{"start":{"line":319,"column":41},"end":{"line":319,"column":70}},"locations":[{"start":{"line":319,"column":41},"end":{"line":319,"column":70}}]},"72":{"type":"branch","line":319,"loc":{"start":{"line":319,"column":70},"end":{"line":321,"column":5}},"locations":[{"start":{"line":319,"column":70},"end":{"line":321,"column":5}}]},"73":{"type":"branch","line":327,"loc":{"start":{"line":327,"column":0},"end":{"line":333,"column":1}},"locations":[{"start":{"line":327,"column":0},"end":{"line":333,"column":1}}]},"74":{"type":"branch","line":329,"loc":{"start":{"line":329,"column":41},"end":{"line":331,"column":3}},"locations":[{"start":{"line":329,"column":41},"end":{"line":331,"column":3}}]},"75":{"type":"branch","line":330,"loc":{"start":{"line":330,"column":32},"end":{"line":330,"column":45}},"locations":[{"start":{"line":330,"column":32},"end":{"line":330,"column":45}}]},"76":{"type":"branch","line":331,"loc":{"start":{"line":331,"column":2},"end":{"line":333,"column":1}},"locations":[{"start":{"line":331,"column":2},"end":{"line":333,"column":1}}]}},"b":{"0":[39],"1":[2],"2":[1],"3":[37],"4":[36],"5":[35],"6":[34],"7":[37],"8":[3],"9":[37],"10":[34],"11":[2],"12":[32],"13":[28],"14":[37],"15":[1],"16":[34],"17":[9],"18":[11],"19":[1],"20":[12],"21":[2],"22":[37],"23":[58],"24":[870],"25":[17],"26":[37],"27":[35],"28":[2],"29":[37],"30":[3],"31":[2],"32":[37],"33":[1],"34":[37],"35":[11],"36":[3],"37":[7],"38":[1],"39":[6],"40":[3],"41":[2],"42":[1],"43":[1],"44":[1],"45":[6],"46":[2],"47":[1],"48":[1],"49":[6],"50":[3],"51":[1],"52":[2],"53":[6],"54":[8],"55":[8],"56":[8],"57":[31],"58":[9],"59":[100],"60":[9],"61":[12],"62":[11],"63":[1],"64":[100],"65":[1],"66":[607],"67":[27],"68":[35],"69":[580],"70":[532],"71":[156],"72":[56],"73":[1],"74":[1],"75":[1],"76":[1]},"fnMap":{"0":{"name":"validateCustomNodeScript","decl":{"start":{"line":35,"column":7},"end":{"line":224,"column":1}},"loc":{"start":{"line":35,"column":7},"end":{"line":224,"column":1}},"line":35},"1":{"name":"formatWarnings","decl":{"start":{"line":229,"column":7},"end":{"line":269,"column":1}},"loc":{"start":{"line":229,"column":7},"end":{"line":269,"column":1}},"line":229},"2":{"name":"getNodeLine","decl":{"start":{"line":272,"column":0},"end":{"line":274,"column":1}},"loc":{"start":{"line":272,"column":0},"end":{"line":274,"column":1}},"line":272},"3":{"name":"findReturnedKeys","decl":{"start":{"line":277,"column":0},"end":{"line":301,"column":1}},"loc":{"start":{"line":277,"column":0},"end":{"line":301,"column":1}},"line":277},"4":{"name":"walkNode","decl":{"start":{"line":304,"column":0},"end":{"line":323,"column":1}},"loc":{"start":{"line":304,"column":0},"end":{"line":323,"column":1}},"line":304},"5":{"name":"findLineNumber","decl":{"start":{"line":327,"column":0},"end":{"line":333,"column":1}},"loc":{"start":{"line":327,"column":0},"end":{"line":333,"column":1}},"line":327}},"f":{"0":39,"1":7,"2":31,"3":9,"4":100,"5":1}}
}
